CRITICAL - 2022-08-08 14:58:56 --> Undefined variable $json
#0 C:\xampp\htdocs\almacen\app\Controllers\Entrega.php(54): CodeIgniter\Debug\Exceptions->errorHandler(2, 'Undefined varia...', 'C:\\xampp\\htdocs...', 54)
#1 C:\xampp\htdocs\almacen\system\CodeIgniter.php(832): App\Controllers\Entrega->b_entregados()
#2 C:\xampp\htdocs\almacen\system\CodeIgniter.php(419): CodeIgniter\CodeIgniter->runController(Object(App\Controllers\Entrega))
#3 C:\xampp\htdocs\almacen\system\CodeIgniter.php(326): CodeIgniter\CodeIgniter->handleRequest(NULL, Object(Config\Cache), false)
#4 C:\xampp\htdocs\almacen\public\index.php(37): CodeIgniter\CodeIgniter->run()
#5 {main}
CRITICAL - 2022-08-08 15:06:21 --> Undefined variable $bookss
#0 C:\xampp\htdocs\almacen\app\Controllers\Entrega.php(119): CodeIgniter\Debug\Exceptions->errorHandler(2, 'Undefined varia...', 'C:\\xampp\\htdocs...', 119)
#1 C:\xampp\htdocs\almacen\system\CodeIgniter.php(832): App\Controllers\Entrega->devolution()
#2 C:\xampp\htdocs\almacen\system\CodeIgniter.php(419): CodeIgniter\CodeIgniter->runController(Object(App\Controllers\Entrega))
#3 C:\xampp\htdocs\almacen\system\CodeIgniter.php(326): CodeIgniter\CodeIgniter->handleRequest(NULL, Object(Config\Cache), false)
#4 C:\xampp\htdocs\almacen\public\index.php(37): CodeIgniter\CodeIgniter->run()
#5 {main}
CRITICAL - 2022-08-08 15:07:20 --> Undefined variable $bookss
#0 C:\xampp\htdocs\almacen\app\Controllers\Entrega.php(119): CodeIgniter\Debug\Exceptions->errorHandler(2, 'Undefined varia...', 'C:\\xampp\\htdocs...', 119)
#1 C:\xampp\htdocs\almacen\system\CodeIgniter.php(832): App\Controllers\Entrega->devolution()
#2 C:\xampp\htdocs\almacen\system\CodeIgniter.php(419): CodeIgniter\CodeIgniter->runController(Object(App\Controllers\Entrega))
#3 C:\xampp\htdocs\almacen\system\CodeIgniter.php(326): CodeIgniter\CodeIgniter->handleRequest(NULL, Object(Config\Cache), false)
#4 C:\xampp\htdocs\almacen\public\index.php(37): CodeIgniter\CodeIgniter->run()
#5 {main}
ERROR - 2022-08-08 15:09:46 --> Cannot delete or update a parent row: a foreign key constraint fails (`db_almacen`.`op_historial_libroestudiante`, CONSTRAINT `fk_op_historial_libroestudiante_tb_estudiante_1` FOREIGN KEY (`fk_estudiante`) REFERENCES `tb_estudiante` (`id`))
ERROR - 2022-08-08 15:09:48 --> Cannot delete or update a parent row: a foreign key constraint fails (`db_almacen`.`op_historial_libroestudiante`, CONSTRAINT `fk_op_historial_libroestudiante_tb_estudiante_1` FOREIGN KEY (`fk_estudiante`) REFERENCES `tb_estudiante` (`id`))
ERROR - 2022-08-08 15:09:48 --> Cannot delete or update a parent row: a foreign key constraint fails (`db_almacen`.`op_historial_libroestudiante`, CONSTRAINT `fk_op_historial_libroestudiante_tb_estudiante_1` FOREIGN KEY (`fk_estudiante`) REFERENCES `tb_estudiante` (`id`))
ERROR - 2022-08-08 15:09:48 --> Cannot delete or update a parent row: a foreign key constraint fails (`db_almacen`.`op_historial_libroestudiante`, CONSTRAINT `fk_op_historial_libroestudiante_tb_estudiante_1` FOREIGN KEY (`fk_estudiante`) REFERENCES `tb_estudiante` (`id`))
ERROR - 2022-08-08 15:09:48 --> Cannot delete or update a parent row: a foreign key constraint fails (`db_almacen`.`op_historial_libroestudiante`, CONSTRAINT `fk_op_historial_libroestudiante_tb_estudiante_1` FOREIGN KEY (`fk_estudiante`) REFERENCES `tb_estudiante` (`id`))
ERROR - 2022-08-08 15:09:55 --> Cannot delete or update a parent row: a foreign key constraint fails (`db_almacen`.`op_historial_libroestudiante`, CONSTRAINT `fk_op_historial_libroestudiante_tb_estudiante_1` FOREIGN KEY (`fk_estudiante`) REFERENCES `tb_estudiante` (`id`))
